# hmmsearch :: search profile(s) against a sequence database
# HMMER 3.2.1 (June 2018); http://hmmer.org/
# Copyright (C) 2018 Howard Hughes Medical Institute.
# Freely distributed under the BSD open source license.
# - - - - - - - - - - - - - - - - - - - - - - - - - - - - - - - - - - - -
# query HMM file:                  examples/PF08428/HMM
# target sequence database:        examples/ecod_domains.fa
# output directed to file:         examples/PF08428/ECOD_hmmer.log
# per-dom hits tabular output:     examples/PF08428/ECOD.domtblout
# domain reporting threshold:      score >= 30
# - - - - - - - - - - - - - - - - - - - - - - - - - - - - - - - - - - - -

Query:       SEED  [M=76]
Scores for complete sequences (score includes all domains):
   --- full sequence ---   --- best 1 domain ---    -#dom-
    E-value  score  bias    E-value  score  bias    exp  N  Sequence Description
    ------- ------ -----    ------- ------ -----   ---- --  -------- -----------
    9.6e-08   20.0   5.1    4.8e-07   17.8   5.1    2.0  0  e5eq2A2   A:123-201 001731826


Domain annotation for each sequence (and alignments):
>> e5eq2A2  A:123-201 001731826
   [No individual domains that satisfy reporting thresholds (although complete target did)]



Internal pipeline statistics summary:
-------------------------------------
Query model(s):                            1  (76 nodes)
Target sequences:                          2  (156 residues searched)
Passed MSV filter:                         2  (1); expected 0.0 (0.02)
Passed bias filter:                        2  (1); expected 0.0 (0.02)
Passed Vit filter:                         2  (1); expected 0.0 (0.001)
Passed Fwd filter:                         1  (0.5); expected 0.0 (1e-05)
Initial search space (Z):                  2  [actual number of targets]
Domain search space  (domZ):               1  [number of targets reported over threshold]
# CPU time: 0.00u 0.00s 00:00:00.00 Elapsed: 00:00:00.00
# Mc/sec: 2.28
//
[ok]
